Arguments: 
  /usr/local/bin/node /Users/95h/.yarn/bin/yarn.js

PATH: 
  /Users/95h/.yarn/bin:/Users/95h/.config/yarn/global/node_modules/.bin:/usr/local/bin:/usr/bin:/bin:/usr/sbin:/sbin:/Users/95h/.yarn/bin:/Users/95h/.config/yarn/global/node_modules/.bin

Yarn version: 
  1.22.4

Node version: 
  12.17.0

Platform: 
  darwin x64

Trace: 
  Error: https://registry.yarnpkg.com/axios: ETIMEDOUT
      at Timeout._onTimeout (/Users/95h/.yarn/lib/cli.js:141408:19)
      at listOnTimeout (internal/timers.js:549:17)
      at processTimers (internal/timers.js:492:7)

npm manifest: 
  {
    "name": "security-enterprise-admin",
    "version": "2.4.0",
    "private": true,
    "scripts": {
      "serve": "vue-cli-service serve",
      "build": "vue-cli-service build",
      "build:sit": "vue-cli-service build --mode production.sit",
      "build:uat": "vue-cli-service build --mode production.uat",
      "build:prod": "vue-cli-service build --mode production",
      "lint": "vue-cli-service lint",
      "et": "node_modules/.bin/et",
      "et:init": "node_modules/.bin/et -i",
      "et:list": "gulp themes"
    },
    "dependencies": {
      "axios": "^0.19.0",
      "babel-plugin-component": "^1.1.1",
      "babel-eslint": "^8.0.1",
      "element-theme": "^2.0.1",
      "element-ui": "^2.11.1",
      "gulp-autoprefixer": "^6.1.0",
      "gulp-clean-css": "^4.2.0",
      "gulp-load-plugins": "^2.0.0",
      "gulp-rename": "^1.4.0",
      "gulp-sass": "^4.0.2",
      "js-cookie": "^2.2.0",
      "lodash": "^4.17.15",
      "node-sass": "^4.12.0",
      "qs": "^6.7.0",
      "quill": "^1.3.6",
      "sass-loader": "^7.1.0",
      "screenfull": "^4.2.1",
      "svg-sprite-loader": "^4.1.6",
      "vue": "^2.6.10",
      "vue-i18n": "^8.12.0",
      "vue-router": "^3.0.7",
      "vuex": "^3.1.1"
    },
    "devDependencies": {
      "@vue/cli-plugin-babel": "^3.10.0",
      "@vue/cli-plugin-eslint": "^3.10.0",
      "@vue/cli-service": "^3.10.0",
      "@vue/eslint-config-standard": "^4.0.0",
      "element-theme-chalk": "^2.11.1",
      "natives": "^1.1.6",
      "vue-template-compiler": "^2.6.10"
    },
    "eslintConfig": {
      "root": true,
      "env": {
        "node": true
      },
      "extends": [
        "plugin:vue/essential",
        "@vue/standard"
      ],
      "rules": {},
      "parserOptions": {
        "parser": "babel-eslint"
      }
    },
    "postcss": {
      "plugins": {
        "autoprefixer": {}
      }
    },
    "engines": {
      "node": ">= 8.11.1",
      "npm": ">= 5.6.0"
    },
    "browserslist": [
      "> 1%",
      "last 2 versions",
      "not ie <= 10"
    ],
    "element-theme": {
      "config": "./src/element-ui/theme-variables.scss",
      "out": "./src/element-ui/theme",
      "minimize": true,
      "browsers": [
        "> 1%",
        "last 2 versions",
        "not ie <= 10"
      ]
    }
  }

yarn manifest: 
  No manifest

Lockfile: 
  No lockfile
